[2024-03-04 09:49:37.034:678][main] INFO  c.z.weather.WeatherApplication - Starting WeatherApplication using Java 21.0.2 with PID 1629 (/Users/jhkim/Desktop/project/java_prj/weather-diary/build/classes/java/main started by jhkim in /Users/jhkim/Desktop/project/java_prj/weather-diary)
[2024-03-04 09:49:37.047:691][main] INFO  c.z.weather.WeatherApplication - The following 2 profiles are active: "api-key", "database"
[2024-03-04 09:49:37.881:1525][main] INFO  o.s.d.r.c.RepositoryConfigurationDelegate - Bootstrapping Spring Data JPA repositories in DEFAULT mode.
[2024-03-04 09:49:37.927:1571][main] INFO  o.s.d.r.c.RepositoryConfigurationDelegate - Finished Spring Data repository scanning in 41 ms. Found 2 JPA repository interfaces.
[2024-03-04 09:49:38.360:2004][main] INFO  o.s.b.w.e.tomcat.TomcatWebServer - Tomcat initialized with port(s): 8080 (http)
[2024-03-04 09:49:38.364:2008][main] INFO  o.a.coyote.http11.Http11NioProtocol - Initializing ProtocolHandler ["http-nio-8080"]
[2024-03-04 09:49:38.365:2009][main] INFO  o.a.catalina.core.StandardService - Starting service [Tomcat]
[2024-03-04 09:49:38.366:2010][main] INFO  o.a.catalina.core.StandardEngine - Starting Servlet engine: [Apache Tomcat/10.1.19]
[2024-03-04 09:49:38.425:2069][main] INFO  o.a.c.c.C.[Tomcat].[localhost].[/] - Initializing Spring embedded WebApplicationContext
[2024-03-04 09:49:38.425:2069][main] INFO  o.s.b.w.s.c.ServletWebServerApplicationContext - Root WebApplicationContext: initialization completed in 1304 ms
[2024-03-04 09:49:38.547:2191][main] INFO  com.zaxxer.hikari.HikariDataSource - HikariPool-1 - Starting...
[2024-03-04 09:49:38.933:2577][main] INFO  com.zaxxer.hikari.pool.HikariPool - HikariPool-1 - Added connection com.mysql.cj.jdbc.ConnectionImpl@76e4212
[2024-03-04 09:49:38.939:2583][main] INFO  com.zaxxer.hikari.HikariDataSource - HikariPool-1 - Start completed.
[2024-03-04 09:49:39.026:2670][main] INFO  o.h.jpa.internal.util.LogHelper - HHH000204: Processing PersistenceUnitInfo [name: default]
[2024-03-04 09:49:39.061:2705][main] INFO  org.hibernate.Version - HHH000412: Hibernate ORM core version 6.2.22.Final
[2024-03-04 09:49:39.062:2706][main] INFO  org.hibernate.cfg.Environment - HHH000406: Using bytecode reflection optimizer
[2024-03-04 09:49:39.233:2877][main] INFO  o.s.o.j.p.SpringPersistenceUnitInfo - No LoadTimeWeaver setup: ignoring JPA class transformer
[2024-03-04 09:49:39.831:3475][main] INFO  o.h.e.t.j.p.i.JtaPlatformInitiator - HHH000489: No JTA platform available (set 'hibernate.transaction.jta.platform' to enable JTA platform integration)
[2024-03-04 09:49:39.833:3477][main] INFO  o.s.o.j.LocalContainerEntityManagerFactoryBean - Initialized JPA EntityManagerFactory for persistence unit 'default'
[2024-03-04 09:49:40.862:4506][main] INFO  o.a.coyote.http11.Http11NioProtocol - Starting ProtocolHandler ["http-nio-8080"]
[2024-03-04 09:49:40.871:4515][main] INFO  o.s.b.w.e.tomcat.TomcatWebServer - Tomcat started on port(s): 8080 (http) with context path ''
[2024-03-04 09:49:40.886:4530][main] INFO  c.z.weather.WeatherApplication - Started WeatherApplication in 4.396 seconds (process running for 5.049)
[2024-03-04 09:52:42.549:186193][http-nio-8080-exec-1] INFO  o.a.c.c.C.[Tomcat].[localhost].[/] - Initializing Spring DispatcherServlet 'dispatcherServlet'
[2024-03-04 09:52:42.549:186193][http-nio-8080-exec-1] INFO  o.s.web.servlet.DispatcherServlet - Initializing Servlet 'dispatcherServlet'
[2024-03-04 09:52:42.551:186195][http-nio-8080-exec-1] INFO  o.s.web.servlet.DispatcherServlet - Completed initialization in 2 ms
[2024-03-04 09:52:47.691:191335][http-nio-8080-exec-10] INFO  o.s.api.AbstractOpenApiResource - Init duration for springdoc-openapi is: 465 ms
[2024-03-04 10:00:15.457:639101][SpringApplicationShutdownHook] INFO  o.s.o.j.LocalContainerEntityManagerFactoryBean - Closing JPA EntityManagerFactory for persistence unit 'default'
[2024-03-04 10:00:15.459:639103][SpringApplicationShutdownHook] INFO  com.zaxxer.hikari.HikariDataSource - HikariPool-1 - Shutdown initiated...
[2024-03-04 10:00:15.470:639114][SpringApplicationShutdownHook] INFO  com.zaxxer.hikari.HikariDataSource - HikariPool-1 - Shutdown completed.
